<?xml version="1.0" encoding="UTF-8"?>
<testng-results ignored="0" total="2" passed="2" failed="0" skipped="0">
  <reporter-output>
  </reporter-output>
  <suite started-at="2024-03-09T16:23:21 IST" name="suite" finished-at="2024-03-09T16:23:21 IST" duration-ms="26">
    <groups>
    </groups>
    <test started-at="2024-03-09T16:23:21 IST" name="test1" finished-at="2024-03-09T16:23:21 IST" duration-ms="26">
      <class name="selnium.demo.project.NewTest">
        <test-method is-config="true" signature="beforeSuite()[pri:0, instance:selnium.demo.project.NewTest@3527942a]" started-at="2024-03-09T16:23:21 IST" name="beforeSuite" finished-at="2024-03-09T16:23:21 IST" duration-ms="4" status="PASS">
          <reporter-output>
          </reporter-output>
        </test-method> <!-- beforeSuite -->
        <test-method is-config="true" signature="beforeTest(java.lang.String)[pri:0, instance:selnium.demo.project.NewTest@3527942a]" started-at="2024-03-09T16:23:21 IST" name="beforeTest" finished-at="2024-03-09T16:23:21 IST" duration-ms="2" status="PASS">
          <params>
            <param index="0">
              <value>
                <![CDATA[chrome]]>
              </value>
            </param>
          </params>
          <reporter-output>
          </reporter-output>
        </test-method> <!-- beforeTest -->
        <test-method is-config="true" signature="beforeClass()[pri:0, instance:selnium.demo.project.NewTest@3527942a]" started-at="2024-03-09T16:23:21 IST" name="beforeClass" finished-at="2024-03-09T16:23:21 IST" duration-ms="0" status="PASS">
          <reporter-output>
          </reporter-output>
        </test-method> <!-- beforeClass -->
        <test-method is-config="true" signature="beforeMethod()[pri:0, instance:selnium.demo.project.NewTest@3527942a]" started-at="2024-03-09T16:23:21 IST" name="beforeMethod" finished-at="2024-03-09T16:23:21 IST" duration-ms="1" status="PASS">
          <reporter-output>
          </reporter-output>
        </test-method> <!-- beforeMethod -->
        <test-method signature="f()[pri:0, instance:selnium.demo.project.NewTest@3527942a]" started-at="2024-03-09T16:23:21 IST" name="f" finished-at="2024-03-09T16:23:21 IST" duration-ms="3" status="PASS">
          <reporter-output>
          </reporter-output>
        </test-method> <!-- f -->
        <test-method is-config="true" signature="beforeMethod()[pri:0, instance:selnium.demo.project.NewTest@3527942a]" started-at="2024-03-09T16:23:21 IST" name="beforeMethod" finished-at="2024-03-09T16:23:21 IST" duration-ms="1" status="PASS">
          <reporter-output>
          </reporter-output>
        </test-method> <!-- beforeMethod -->
        <test-method is-config="true" signature="afterMethod()[pri:0, instance:selnium.demo.project.NewTest@3527942a]" started-at="2024-03-09T16:23:21 IST" name="afterMethod" finished-at="2024-03-09T16:23:21 IST" duration-ms="0" status="PASS">
          <reporter-output>
          </reporter-output>
        </test-method> <!-- afterMethod -->
        <test-method signature="a()[pri:0, instance:selnium.demo.project.NewTest@3527942a]" started-at="2024-03-09T16:23:21 IST" name="a" finished-at="2024-03-09T16:23:21 IST" duration-ms="0" status="PASS">
          <reporter-output>
          </reporter-output>
        </test-method> <!-- a -->
        <test-method is-config="true" signature="afterMethod()[pri:0, instance:selnium.demo.project.NewTest@3527942a]" started-at="2024-03-09T16:23:21 IST" name="afterMethod" finished-at="2024-03-09T16:23:21 IST" duration-ms="0" status="PASS">
          <reporter-output>
          </reporter-output>
        </test-method> <!-- afterMethod -->
        <test-method is-config="true" signature="afterClass()[pri:0, instance:selnium.demo.project.NewTest@3527942a]" started-at="2024-03-09T16:23:21 IST" name="afterClass" finished-at="2024-03-09T16:23:21 IST" duration-ms="0" status="PASS">
          <reporter-output>
          </reporter-output>
        </test-method> <!-- afterClass -->
        <test-method is-config="true" signature="afterTest()[pri:0, instance:selnium.demo.project.NewTest@3527942a]" started-at="2024-03-09T16:23:21 IST" name="afterTest" finished-at="2024-03-09T16:23:21 IST" duration-ms="0" status="PASS">
          <reporter-output>
          </reporter-output>
        </test-method> <!-- afterTest -->
        <test-method is-config="true" signature="afterSuite()[pri:0, instance:selnium.demo.project.NewTest@3527942a]" started-at="2024-03-09T16:23:21 IST" name="afterSuite" finished-at="2024-03-09T16:23:21 IST" duration-ms="1" status="PASS">
          <reporter-output>
          </reporter-output>
        </test-method> <!-- afterSuite -->
      </class> <!-- selnium.demo.project.NewTest -->
    </test> <!-- test1 -->
  </suite> <!-- suite -->
</testng-results>
